[2025-04-10T15:24:57.921+0000] {taskinstance.py:1157} INFO - Dependencies all met for dep_context=non-requeueable deps ti=<TaskInstance: minio_pipeline_dag.summarize_results scheduled__2025-04-09T00:00:00+00:00 [queued]>
[2025-04-10T15:24:57.932+0000] {taskinstance.py:1157} INFO - Dependencies all met for dep_context=requeueable deps ti=<TaskInstance: minio_pipeline_dag.summarize_results scheduled__2025-04-09T00:00:00+00:00 [queued]>
[2025-04-10T15:24:57.932+0000] {taskinstance.py:1359} INFO - Starting attempt 1 of 2
[2025-04-10T15:24:57.953+0000] {taskinstance.py:1380} INFO - Executing <Task(_PythonDecoratedOperator): summarize_results> on 2025-04-09 00:00:00+00:00
[2025-04-10T15:24:57.966+0000] {standard_task_runner.py:57} INFO - Started process 96 to run task
[2025-04-10T15:24:57.973+0000] {standard_task_runner.py:84} INFO - Running: ['***', 'tasks', 'run', 'minio_pipeline_dag', 'summarize_results', 'scheduled__2025-04-09T00:00:00+00:00', '--job-id', '52', '--raw', '--subdir', 'DAGS_FOLDER/app.py', '--cfg-path', '/tmp/tmp6541j0vi']
[2025-04-10T15:24:57.977+0000] {standard_task_runner.py:85} INFO - Job 52: Subtask summarize_results
[2025-04-10T15:24:58.042+0000] {task_command.py:415} INFO - Running <TaskInstance: minio_pipeline_dag.summarize_results scheduled__2025-04-09T00:00:00+00:00 [running]> on host bd293ddc73e1
[2025-04-10T15:24:58.143+0000] {taskinstance.py:1660} INFO - Exporting env vars: AIRFLOW_CTX_DAG_OWNER='data_team' AIRFLOW_CTX_DAG_ID='minio_pipeline_dag' AIRFLOW_CTX_TASK_ID='summarize_results' AIRFLOW_CTX_EXECUTION_DATE='2025-04-09T00:00:00+00:00' AIRFLOW_CTX_TRY_NUMBER='1' AIRFLOW_CTX_DAG_RUN_ID='scheduled__2025-04-09T00:00:00+00:00'
[2025-04-10T15:24:58.144+0000] {logging_mixin.py:151} INFO - ==================================================
[2025-04-10T15:24:58.144+0000] {logging_mixin.py:151} INFO - ETL Pipeline Execution Summary
[2025-04-10T15:24:58.144+0000] {logging_mixin.py:151} INFO - ==================================================
[2025-04-10T15:24:58.144+0000] {logging_mixin.py:151} INFO - Orders data:
[2025-04-10T15:24:58.145+0000] {logging_mixin.py:151} INFO -   - Local path: ./data/staging/orders_20250410152455.csv
[2025-04-10T15:24:58.145+0000] {logging_mixin.py:151} INFO -   - MinIO path: data-pipeline/orders/orders_20250410152455.csv
[2025-04-10T15:24:58.145+0000] {logging_mixin.py:151} INFO - Logs data:
[2025-04-10T15:24:58.145+0000] {logging_mixin.py:151} INFO -   - Local path: ./data/staging/logs_20250410152455.json
[2025-04-10T15:24:58.145+0000] {logging_mixin.py:151} INFO -   - MinIO path: data-pipeline/logs/logs_20250410152455.json
[2025-04-10T15:24:58.145+0000] {logging_mixin.py:151} INFO - ==================================================
[2025-04-10T15:24:58.145+0000] {python.py:194} INFO - Done. Returned value was: None
[2025-04-10T15:24:58.155+0000] {taskinstance.py:1398} INFO - Marking task as SUCCESS. dag_id=minio_pipeline_dag, task_id=summarize_results, execution_date=20250409T000000, start_date=20250410T152457, end_date=20250410T152458
[2025-04-10T15:24:58.184+0000] {local_task_job_runner.py:228} INFO - Task exited with return code 0
[2025-04-10T15:24:58.200+0000] {taskinstance.py:2776} INFO - 0 downstream tasks scheduled from follow-on schedule check
[2025-04-10T15:43:47.031+0000] {taskinstance.py:1157} INFO - Dependencies all met for dep_context=non-requeueable deps ti=<TaskInstance: minio_pipeline_dag.summarize_results scheduled__2025-04-09T00:00:00+00:00 [queued]>
[2025-04-10T15:43:47.039+0000] {taskinstance.py:1157} INFO - Dependencies all met for dep_context=requeueable deps ti=<TaskInstance: minio_pipeline_dag.summarize_results scheduled__2025-04-09T00:00:00+00:00 [queued]>
[2025-04-10T15:43:47.039+0000] {taskinstance.py:1359} INFO - Starting attempt 1 of 2
[2025-04-10T15:43:47.050+0000] {taskinstance.py:1380} INFO - Executing <Task(_PythonDecoratedOperator): summarize_results> on 2025-04-09 00:00:00+00:00
[2025-04-10T15:43:47.056+0000] {standard_task_runner.py:57} INFO - Started process 181 to run task
[2025-04-10T15:43:47.059+0000] {standard_task_runner.py:84} INFO - Running: ['***', 'tasks', 'run', 'minio_pipeline_dag', 'summarize_results', 'scheduled__2025-04-09T00:00:00+00:00', '--job-id', '6', '--raw', '--subdir', 'DAGS_FOLDER/app.py', '--cfg-path', '/tmp/tmpud87bgyt']
[2025-04-10T15:43:47.062+0000] {standard_task_runner.py:85} INFO - Job 6: Subtask summarize_results
[2025-04-10T15:43:47.133+0000] {task_command.py:415} INFO - Running <TaskInstance: minio_pipeline_dag.summarize_results scheduled__2025-04-09T00:00:00+00:00 [running]> on host 8fadf2d6906b
[2025-04-10T15:43:47.267+0000] {taskinstance.py:1660} INFO - Exporting env vars: AIRFLOW_CTX_DAG_OWNER='data_team' AIRFLOW_CTX_DAG_ID='minio_pipeline_dag' AIRFLOW_CTX_TASK_ID='summarize_results' AIRFLOW_CTX_EXECUTION_DATE='2025-04-09T00:00:00+00:00' AIRFLOW_CTX_TRY_NUMBER='1' AIRFLOW_CTX_DAG_RUN_ID='scheduled__2025-04-09T00:00:00+00:00'
[2025-04-10T15:43:47.270+0000] {logging_mixin.py:151} INFO - ==================================================
[2025-04-10T15:43:47.271+0000] {logging_mixin.py:151} INFO - ETL Pipeline Execution Summary
[2025-04-10T15:43:47.271+0000] {logging_mixin.py:151} INFO - ==================================================
[2025-04-10T15:43:47.271+0000] {logging_mixin.py:151} INFO - Orders data:
[2025-04-10T15:43:47.271+0000] {logging_mixin.py:151} INFO -   - Local path: ./data/staging/orders_20250410154344.csv
[2025-04-10T15:43:47.272+0000] {logging_mixin.py:151} INFO -   - MinIO path: data-pipeline/orders/orders_20250410154344.csv
[2025-04-10T15:43:47.272+0000] {logging_mixin.py:151} INFO - Logs data:
[2025-04-10T15:43:47.272+0000] {logging_mixin.py:151} INFO -   - Local path: ./data/staging/logs_20250410154344.json
[2025-04-10T15:43:47.272+0000] {logging_mixin.py:151} INFO -   - MinIO path: data-pipeline/logs/logs_20250410154344.json
[2025-04-10T15:43:47.272+0000] {logging_mixin.py:151} INFO - ==================================================
[2025-04-10T15:43:47.273+0000] {python.py:194} INFO - Done. Returned value was: None
[2025-04-10T15:43:47.290+0000] {taskinstance.py:1398} INFO - Marking task as SUCCESS. dag_id=minio_pipeline_dag, task_id=summarize_results, execution_date=20250409T000000, start_date=20250410T154347, end_date=20250410T154347
[2025-04-10T15:43:47.360+0000] {local_task_job_runner.py:228} INFO - Task exited with return code 0
[2025-04-10T15:43:47.379+0000] {taskinstance.py:2776} INFO - 0 downstream tasks scheduled from follow-on schedule check
