[2025-04-08T13:12:39.706+0000] {taskinstance.py:1157} INFO - Dependencies all met for dep_context=non-requeueable deps ti=<TaskInstance: pipeline_dag.create_dir scheduled__2025-04-07T00:00:00+00:00 [queued]>
[2025-04-08T13:12:39.715+0000] {taskinstance.py:1157} INFO - Dependencies all met for dep_context=requeueable deps ti=<TaskInstance: pipeline_dag.create_dir scheduled__2025-04-07T00:00:00+00:00 [queued]>
[2025-04-08T13:12:39.715+0000] {taskinstance.py:1359} INFO - Starting attempt 1 of 2
[2025-04-08T13:12:39.728+0000] {taskinstance.py:1380} INFO - Executing <Task(_PythonDecoratedOperator): create_dir> on 2025-04-07 00:00:00+00:00
[2025-04-08T13:12:39.735+0000] {standard_task_runner.py:57} INFO - Started process 2108 to run task
[2025-04-08T13:12:39.739+0000] {standard_task_runner.py:84} INFO - Running: ['***', 'tasks', 'run', 'pipeline_dag', 'create_dir', 'scheduled__2025-04-07T00:00:00+00:00', '--job-id', '8', '--raw', '--subdir', 'DAGS_FOLDER/app.py', '--cfg-path', '/tmp/tmpyg92a5qd']
[2025-04-08T13:12:39.741+0000] {standard_task_runner.py:85} INFO - Job 8: Subtask create_dir
[2025-04-08T13:12:39.790+0000] {task_command.py:415} INFO - Running <TaskInstance: pipeline_dag.create_dir scheduled__2025-04-07T00:00:00+00:00 [running]> on host cabbc97445d7
[2025-04-08T13:12:39.856+0000] {taskinstance.py:1660} INFO - Exporting env vars: AIRFLOW_CTX_DAG_OWNER='data_team' AIRFLOW_CTX_DAG_ID='pipeline_dag' AIRFLOW_CTX_TASK_ID='create_dir' AIRFLOW_CTX_EXECUTION_DATE='2025-04-07T00:00:00+00:00' AIRFLOW_CTX_TRY_NUMBER='1' AIRFLOW_CTX_DAG_RUN_ID='scheduled__2025-04-07T00:00:00+00:00'
[2025-04-08T13:12:39.857+0000] {app.py:36} INFO - Pipeline DAG started
[2025-04-08T13:12:39.864+0000] {crypto.py:82} WARNING - empty cryptography key - values will not be stored encrypted.
[2025-04-08T13:12:39.868+0000] {python.py:194} INFO - Done. Returned value was: ./staging
[2025-04-08T13:12:39.908+0000] {taskinstance.py:1398} INFO - Marking task as SUCCESS. dag_id=pipeline_dag, task_id=create_dir, execution_date=20250407T000000, start_date=20250408T131239, end_date=20250408T131239
[2025-04-08T13:12:39.950+0000] {local_task_job_runner.py:228} INFO - Task exited with return code 0
[2025-04-08T13:12:39.978+0000] {taskinstance.py:2776} INFO - 1 downstream tasks scheduled from follow-on schedule check
[2025-04-08T13:26:03.875+0000] {taskinstance.py:1157} INFO - Dependencies all met for dep_context=non-requeueable deps ti=<TaskInstance: pipeline_dag.create_dir scheduled__2025-04-07T00:00:00+00:00 [queued]>
[2025-04-08T13:26:03.895+0000] {taskinstance.py:1157} INFO - Dependencies all met for dep_context=requeueable deps ti=<TaskInstance: pipeline_dag.create_dir scheduled__2025-04-07T00:00:00+00:00 [queued]>
[2025-04-08T13:26:03.895+0000] {taskinstance.py:1359} INFO - Starting attempt 1 of 2
[2025-04-08T13:26:03.923+0000] {taskinstance.py:1380} INFO - Executing <Task(_PythonDecoratedOperator): create_dir> on 2025-04-07 00:00:00+00:00
[2025-04-08T13:26:03.938+0000] {standard_task_runner.py:57} INFO - Started process 85 to run task
[2025-04-08T13:26:03.945+0000] {standard_task_runner.py:84} INFO - Running: ['***', 'tasks', 'run', 'pipeline_dag', 'create_dir', 'scheduled__2025-04-07T00:00:00+00:00', '--job-id', '2', '--raw', '--subdir', 'DAGS_FOLDER/app.py', '--cfg-path', '/tmp/tmp5pd7keu4']
[2025-04-08T13:26:03.950+0000] {standard_task_runner.py:85} INFO - Job 2: Subtask create_dir
[2025-04-08T13:26:04.029+0000] {task_command.py:415} INFO - Running <TaskInstance: pipeline_dag.create_dir scheduled__2025-04-07T00:00:00+00:00 [running]> on host a9ea3cf44039
[2025-04-08T13:26:04.154+0000] {taskinstance.py:1660} INFO - Exporting env vars: AIRFLOW_CTX_DAG_OWNER='data_team' AIRFLOW_CTX_DAG_ID='pipeline_dag' AIRFLOW_CTX_TASK_ID='create_dir' AIRFLOW_CTX_EXECUTION_DATE='2025-04-07T00:00:00+00:00' AIRFLOW_CTX_TRY_NUMBER='1' AIRFLOW_CTX_DAG_RUN_ID='scheduled__2025-04-07T00:00:00+00:00'
[2025-04-08T13:26:04.157+0000] {app.py:36} INFO - Pipeline DAG started
[2025-04-08T13:26:04.171+0000] {crypto.py:82} WARNING - empty cryptography key - values will not be stored encrypted.
[2025-04-08T13:26:04.178+0000] {python.py:194} INFO - Done. Returned value was: ./staging
[2025-04-08T13:26:04.211+0000] {taskinstance.py:1398} INFO - Marking task as SUCCESS. dag_id=pipeline_dag, task_id=create_dir, execution_date=20250407T000000, start_date=20250408T132603, end_date=20250408T132604
[2025-04-08T13:26:04.236+0000] {local_task_job_runner.py:228} INFO - Task exited with return code 0
[2025-04-08T13:26:04.263+0000] {taskinstance.py:2776} INFO - 1 downstream tasks scheduled from follow-on schedule check
