[2025-04-08T13:12:41.957+0000] {taskinstance.py:1157} INFO - Dependencies all met for dep_context=non-requeueable deps ti=<TaskInstance: pipeline_dag.generate_orders scheduled__2025-04-07T00:00:00+00:00 [queued]>
[2025-04-08T13:12:41.972+0000] {taskinstance.py:1157} INFO - Dependencies all met for dep_context=requeueable deps ti=<TaskInstance: pipeline_dag.generate_orders scheduled__2025-04-07T00:00:00+00:00 [queued]>
[2025-04-08T13:12:41.973+0000] {taskinstance.py:1359} INFO - Starting attempt 1 of 2
[2025-04-08T13:12:41.996+0000] {taskinstance.py:1380} INFO - Executing <Task(_PythonDecoratedOperator): generate_orders> on 2025-04-07 00:00:00+00:00
[2025-04-08T13:12:42.017+0000] {standard_task_runner.py:57} INFO - Started process 2111 to run task
[2025-04-08T13:12:42.025+0000] {standard_task_runner.py:84} INFO - Running: ['***', 'tasks', 'run', 'pipeline_dag', 'generate_orders', 'scheduled__2025-04-07T00:00:00+00:00', '--job-id', '9', '--raw', '--subdir', 'DAGS_FOLDER/app.py', '--cfg-path', '/tmp/tmp1am99zyf']
[2025-04-08T13:12:42.029+0000] {standard_task_runner.py:85} INFO - Job 9: Subtask generate_orders
[2025-04-08T13:12:42.116+0000] {task_command.py:415} INFO - Running <TaskInstance: pipeline_dag.generate_orders scheduled__2025-04-07T00:00:00+00:00 [running]> on host cabbc97445d7
[2025-04-08T13:12:42.274+0000] {taskinstance.py:1660} INFO - Exporting env vars: AIRFLOW_CTX_DAG_OWNER='data_team' AIRFLOW_CTX_DAG_ID='pipeline_dag' AIRFLOW_CTX_TASK_ID='generate_orders' AIRFLOW_CTX_EXECUTION_DATE='2025-04-07T00:00:00+00:00' AIRFLOW_CTX_TRY_NUMBER='1' AIRFLOW_CTX_DAG_RUN_ID='scheduled__2025-04-07T00:00:00+00:00'
[2025-04-08T13:12:42.359+0000] {python.py:194} INFO - Done. Returned value was: ./staging/orders_20250408131242.csv
[2025-04-08T13:12:42.391+0000] {taskinstance.py:1398} INFO - Marking task as SUCCESS. dag_id=pipeline_dag, task_id=generate_orders, execution_date=20250407T000000, start_date=20250408T131241, end_date=20250408T131242
[2025-04-08T13:12:42.436+0000] {local_task_job_runner.py:228} INFO - Task exited with return code 0
[2025-04-08T13:12:42.470+0000] {taskinstance.py:2776} INFO - 1 downstream tasks scheduled from follow-on schedule check
[2025-04-08T13:26:06.088+0000] {taskinstance.py:1157} INFO - Dependencies all met for dep_context=non-requeueable deps ti=<TaskInstance: pipeline_dag.generate_orders scheduled__2025-04-07T00:00:00+00:00 [queued]>
[2025-04-08T13:26:06.100+0000] {taskinstance.py:1157} INFO - Dependencies all met for dep_context=requeueable deps ti=<TaskInstance: pipeline_dag.generate_orders scheduled__2025-04-07T00:00:00+00:00 [queued]>
[2025-04-08T13:26:06.100+0000] {taskinstance.py:1359} INFO - Starting attempt 1 of 2
[2025-04-08T13:26:06.112+0000] {taskinstance.py:1380} INFO - Executing <Task(_PythonDecoratedOperator): generate_orders> on 2025-04-07 00:00:00+00:00
[2025-04-08T13:26:06.118+0000] {standard_task_runner.py:57} INFO - Started process 88 to run task
[2025-04-08T13:26:06.124+0000] {standard_task_runner.py:84} INFO - Running: ['***', 'tasks', 'run', 'pipeline_dag', 'generate_orders', 'scheduled__2025-04-07T00:00:00+00:00', '--job-id', '3', '--raw', '--subdir', 'DAGS_FOLDER/app.py', '--cfg-path', '/tmp/tmp66m3wx2g']
[2025-04-08T13:26:06.127+0000] {standard_task_runner.py:85} INFO - Job 3: Subtask generate_orders
[2025-04-08T13:26:06.178+0000] {task_command.py:415} INFO - Running <TaskInstance: pipeline_dag.generate_orders scheduled__2025-04-07T00:00:00+00:00 [running]> on host a9ea3cf44039
[2025-04-08T13:26:06.260+0000] {taskinstance.py:1660} INFO - Exporting env vars: AIRFLOW_CTX_DAG_OWNER='data_team' AIRFLOW_CTX_DAG_ID='pipeline_dag' AIRFLOW_CTX_TASK_ID='generate_orders' AIRFLOW_CTX_EXECUTION_DATE='2025-04-07T00:00:00+00:00' AIRFLOW_CTX_TRY_NUMBER='1' AIRFLOW_CTX_DAG_RUN_ID='scheduled__2025-04-07T00:00:00+00:00'
[2025-04-08T13:26:06.315+0000] {logging_mixin.py:151} INFO - get Working Directory :/opt/***
[2025-04-08T13:26:06.315+0000] {python.py:194} INFO - Done. Returned value was: ./staging/orders_20250408132606.csv
[2025-04-08T13:26:06.337+0000] {taskinstance.py:1398} INFO - Marking task as SUCCESS. dag_id=pipeline_dag, task_id=generate_orders, execution_date=20250407T000000, start_date=20250408T132606, end_date=20250408T132606
[2025-04-08T13:26:06.374+0000] {local_task_job_runner.py:228} INFO - Task exited with return code 0
[2025-04-08T13:26:06.395+0000] {taskinstance.py:2776} INFO - 1 downstream tasks scheduled from follow-on schedule check
