[2025-04-10T22:57:20.240+0000] {taskinstance.py:1157} INFO - Dependencies all met for dep_context=non-requeueable deps ti=<TaskInstance: minio_pipeline_dag.summarize_results manual__2025-04-10T22:46:19.343282+00:00 [queued]>
[2025-04-10T22:57:20.247+0000] {taskinstance.py:1157} INFO - Dependencies all met for dep_context=requeueable deps ti=<TaskInstance: minio_pipeline_dag.summarize_results manual__2025-04-10T22:46:19.343282+00:00 [queued]>
[2025-04-10T22:57:20.248+0000] {taskinstance.py:1359} INFO - Starting attempt 1 of 2
[2025-04-10T22:57:20.255+0000] {taskinstance.py:1380} INFO - Executing <Task(_PythonDecoratedOperator): summarize_results> on 2025-04-10 22:46:19.343282+00:00
[2025-04-10T22:57:20.262+0000] {standard_task_runner.py:57} INFO - Started process 581 to run task
[2025-04-10T22:57:20.264+0000] {standard_task_runner.py:84} INFO - Running: ['***', 'tasks', 'run', 'minio_pipeline_dag', 'summarize_results', 'manual__2025-04-10T22:46:19.343282+00:00', '--job-id', '31', '--raw', '--subdir', 'DAGS_FOLDER/app.py', '--cfg-path', '/tmp/tmpd45ov9qh']
[2025-04-10T22:57:20.266+0000] {standard_task_runner.py:85} INFO - Job 31: Subtask summarize_results
[2025-04-10T22:57:20.294+0000] {task_command.py:415} INFO - Running <TaskInstance: minio_pipeline_dag.summarize_results manual__2025-04-10T22:46:19.343282+00:00 [running]> on host 8fadf2d6906b
[2025-04-10T22:57:20.366+0000] {taskinstance.py:1660} INFO - Exporting env vars: AIRFLOW_CTX_DAG_OWNER='data_team' AIRFLOW_CTX_DAG_ID='minio_pipeline_dag' AIRFLOW_CTX_TASK_ID='summarize_results' AIRFLOW_CTX_EXECUTION_DATE='2025-04-10T22:46:19.343282+00:00' AIRFLOW_CTX_TRY_NUMBER='1' AIRFLOW_CTX_DAG_RUN_ID='manual__2025-04-10T22:46:19.343282+00:00'
[2025-04-10T22:57:20.367+0000] {logging_mixin.py:151} INFO - ==================================================
[2025-04-10T22:57:20.368+0000] {logging_mixin.py:151} INFO - ETL Pipeline Execution Summary
[2025-04-10T22:57:20.368+0000] {logging_mixin.py:151} INFO - ==================================================
[2025-04-10T22:57:20.368+0000] {logging_mixin.py:151} INFO - Orders data:
[2025-04-10T22:57:20.368+0000] {logging_mixin.py:151} INFO -   - Local path: ./data/staging/orders_20250410224628.csv
[2025-04-10T22:57:20.368+0000] {logging_mixin.py:151} INFO -   - MinIO path: data-pipeline/orders/orders_20250410224628.csv
[2025-04-10T22:57:20.368+0000] {logging_mixin.py:151} INFO - Logs data:
[2025-04-10T22:57:20.368+0000] {logging_mixin.py:151} INFO -   - Local path: ./data/staging/logs_20250410224628.json
[2025-04-10T22:57:20.368+0000] {logging_mixin.py:151} INFO -   - MinIO path: data-pipeline/logs/logs_20250410224628.json
[2025-04-10T22:57:20.368+0000] {logging_mixin.py:151} INFO - NiFi processing: Failed or Incomplete
[2025-04-10T22:57:20.368+0000] {logging_mixin.py:151} INFO - ==================================================
[2025-04-10T22:57:20.368+0000] {python.py:194} INFO - Done. Returned value was: Pipeline execution completed
[2025-04-10T22:57:20.385+0000] {taskinstance.py:1398} INFO - Marking task as SUCCESS. dag_id=minio_pipeline_dag, task_id=summarize_results, execution_date=20250410T224619, start_date=20250410T225720, end_date=20250410T225720
[2025-04-10T22:57:20.436+0000] {local_task_job_runner.py:228} INFO - Task exited with return code 0
[2025-04-10T22:57:20.447+0000] {taskinstance.py:2776} INFO - 0 downstream tasks scheduled from follow-on schedule check
