[2025-04-09T09:04:44.825+0000] {taskinstance.py:1157} INFO - Dependencies all met for dep_context=non-requeueable deps ti=<TaskInstance: minio_pipeline_dag.summarize_results manual__2025-04-09T09:04:34.647782+00:00 [queued]>
[2025-04-09T09:04:44.842+0000] {taskinstance.py:1157} INFO - Dependencies all met for dep_context=requeueable deps ti=<TaskInstance: minio_pipeline_dag.summarize_results manual__2025-04-09T09:04:34.647782+00:00 [queued]>
[2025-04-09T09:04:44.842+0000] {taskinstance.py:1359} INFO - Starting attempt 1 of 2
[2025-04-09T09:04:44.862+0000] {taskinstance.py:1380} INFO - Executing <Task(_PythonDecoratedOperator): summarize_results> on 2025-04-09 09:04:34.647782+00:00
[2025-04-09T09:04:44.871+0000] {standard_task_runner.py:57} INFO - Started process 280 to run task
[2025-04-09T09:04:44.875+0000] {standard_task_runner.py:84} INFO - Running: ['***', 'tasks', 'run', 'minio_pipeline_dag', 'summarize_results', 'manual__2025-04-09T09:04:34.647782+00:00', '--job-id', '12', '--raw', '--subdir', 'DAGS_FOLDER/app.py', '--cfg-path', '/tmp/tmpvmx1lbpd']
[2025-04-09T09:04:44.878+0000] {standard_task_runner.py:85} INFO - Job 12: Subtask summarize_results
[2025-04-09T09:04:44.921+0000] {task_command.py:415} INFO - Running <TaskInstance: minio_pipeline_dag.summarize_results manual__2025-04-09T09:04:34.647782+00:00 [running]> on host fb63fa94fa74
[2025-04-09T09:04:45.006+0000] {taskinstance.py:1660} INFO - Exporting env vars: AIRFLOW_CTX_DAG_OWNER='data_team' AIRFLOW_CTX_DAG_ID='minio_pipeline_dag' AIRFLOW_CTX_TASK_ID='summarize_results' AIRFLOW_CTX_EXECUTION_DATE='2025-04-09T09:04:34.647782+00:00' AIRFLOW_CTX_TRY_NUMBER='1' AIRFLOW_CTX_DAG_RUN_ID='manual__2025-04-09T09:04:34.647782+00:00'
[2025-04-09T09:04:45.007+0000] {logging_mixin.py:151} INFO - ==================================================
[2025-04-09T09:04:45.008+0000] {logging_mixin.py:151} INFO - ETL Pipeline Execution Summary
[2025-04-09T09:04:45.008+0000] {logging_mixin.py:151} INFO - ==================================================
[2025-04-09T09:04:45.008+0000] {logging_mixin.py:151} INFO - Orders data:
[2025-04-09T09:04:45.008+0000] {logging_mixin.py:151} INFO -   - Local path: ./data/staging/orders_20250409090442.csv
[2025-04-09T09:04:45.008+0000] {logging_mixin.py:151} INFO -   - MinIO path: data-pipeline/orders/orders_20250409090442.csv
[2025-04-09T09:04:45.008+0000] {logging_mixin.py:151} INFO - Logs data:
[2025-04-09T09:04:45.008+0000] {logging_mixin.py:151} INFO -   - Local path: ./data/staging/logs_20250409090442.json
[2025-04-09T09:04:45.008+0000] {logging_mixin.py:151} INFO -   - MinIO path: data-pipeline/logs/logs_20250409090442.json
[2025-04-09T09:04:45.008+0000] {logging_mixin.py:151} INFO - ==================================================
[2025-04-09T09:04:45.008+0000] {python.py:194} INFO - Done. Returned value was: None
[2025-04-09T09:04:45.018+0000] {taskinstance.py:1398} INFO - Marking task as SUCCESS. dag_id=minio_pipeline_dag, task_id=summarize_results, execution_date=20250409T090434, start_date=20250409T090444, end_date=20250409T090445
[2025-04-09T09:04:45.046+0000] {local_task_job_runner.py:228} INFO - Task exited with return code 0
[2025-04-09T09:04:45.062+0000] {taskinstance.py:2776} INFO - 0 downstream tasks scheduled from follow-on schedule check
