[2025-04-10T15:24:53.226+0000] {taskinstance.py:1157} INFO - Dependencies all met for dep_context=non-requeueable deps ti=<TaskInstance: minio_pipeline_dag.initialize_minio_connection scheduled__2025-04-09T00:00:00+00:00 [queued]>
[2025-04-10T15:24:53.234+0000] {taskinstance.py:1157} INFO - Dependencies all met for dep_context=requeueable deps ti=<TaskInstance: minio_pipeline_dag.initialize_minio_connection scheduled__2025-04-09T00:00:00+00:00 [queued]>
[2025-04-10T15:24:53.234+0000] {taskinstance.py:1359} INFO - Starting attempt 1 of 2
[2025-04-10T15:24:53.244+0000] {taskinstance.py:1380} INFO - Executing <Task(_PythonDecoratedOperator): initialize_minio_connection> on 2025-04-09 00:00:00+00:00
[2025-04-10T15:24:53.250+0000] {standard_task_runner.py:57} INFO - Started process 87 to run task
[2025-04-10T15:24:53.253+0000] {standard_task_runner.py:84} INFO - Running: ['***', 'tasks', 'run', 'minio_pipeline_dag', 'initialize_minio_connection', 'scheduled__2025-04-09T00:00:00+00:00', '--job-id', '49', '--raw', '--subdir', 'DAGS_FOLDER/app.py', '--cfg-path', '/tmp/tmpwat88p8i']
[2025-04-10T15:24:53.256+0000] {standard_task_runner.py:85} INFO - Job 49: Subtask initialize_minio_connection
[2025-04-10T15:24:53.292+0000] {task_command.py:415} INFO - Running <TaskInstance: minio_pipeline_dag.initialize_minio_connection scheduled__2025-04-09T00:00:00+00:00 [running]> on host bd293ddc73e1
[2025-04-10T15:24:53.356+0000] {taskinstance.py:1660} INFO - Exporting env vars: AIRFLOW_CTX_DAG_OWNER='data_team' AIRFLOW_CTX_DAG_ID='minio_pipeline_dag' AIRFLOW_CTX_TASK_ID='initialize_minio_connection' AIRFLOW_CTX_EXECUTION_DATE='2025-04-09T00:00:00+00:00' AIRFLOW_CTX_TRY_NUMBER='1' AIRFLOW_CTX_DAG_RUN_ID='scheduled__2025-04-09T00:00:00+00:00'
[2025-04-10T15:24:53.363+0000] {crypto.py:82} WARNING - empty cryptography key - values will not be stored encrypted.
[2025-04-10T15:24:53.392+0000] {logging_mixin.py:151} INFO - Bucket 'data-pipeline' created successfully
[2025-04-10T15:24:53.398+0000] {python.py:194} INFO - Done. Returned value was: MinIO connection initialized
[2025-04-10T15:24:53.416+0000] {taskinstance.py:1398} INFO - Marking task as SUCCESS. dag_id=minio_pipeline_dag, task_id=initialize_minio_connection, execution_date=20250409T000000, start_date=20250410T152453, end_date=20250410T152453
[2025-04-10T15:24:53.465+0000] {local_task_job_runner.py:228} INFO - Task exited with return code 0
[2025-04-10T15:24:53.489+0000] {taskinstance.py:2776} INFO - 2 downstream tasks scheduled from follow-on schedule check
[2025-04-10T15:43:42.721+0000] {taskinstance.py:1157} INFO - Dependencies all met for dep_context=non-requeueable deps ti=<TaskInstance: minio_pipeline_dag.initialize_minio_connection scheduled__2025-04-09T00:00:00+00:00 [queued]>
[2025-04-10T15:43:42.730+0000] {taskinstance.py:1157} INFO - Dependencies all met for dep_context=requeueable deps ti=<TaskInstance: minio_pipeline_dag.initialize_minio_connection scheduled__2025-04-09T00:00:00+00:00 [queued]>
[2025-04-10T15:43:42.731+0000] {taskinstance.py:1359} INFO - Starting attempt 1 of 2
[2025-04-10T15:43:42.751+0000] {taskinstance.py:1380} INFO - Executing <Task(_PythonDecoratedOperator): initialize_minio_connection> on 2025-04-09 00:00:00+00:00
[2025-04-10T15:43:42.759+0000] {standard_task_runner.py:57} INFO - Started process 175 to run task
[2025-04-10T15:43:42.762+0000] {standard_task_runner.py:84} INFO - Running: ['***', 'tasks', 'run', 'minio_pipeline_dag', 'initialize_minio_connection', 'scheduled__2025-04-09T00:00:00+00:00', '--job-id', '3', '--raw', '--subdir', 'DAGS_FOLDER/app.py', '--cfg-path', '/tmp/tmpl9isd4ul']
[2025-04-10T15:43:42.764+0000] {standard_task_runner.py:85} INFO - Job 3: Subtask initialize_minio_connection
[2025-04-10T15:43:42.808+0000] {task_command.py:415} INFO - Running <TaskInstance: minio_pipeline_dag.initialize_minio_connection scheduled__2025-04-09T00:00:00+00:00 [running]> on host 8fadf2d6906b
[2025-04-10T15:43:42.877+0000] {taskinstance.py:1660} INFO - Exporting env vars: AIRFLOW_CTX_DAG_OWNER='data_team' AIRFLOW_CTX_DAG_ID='minio_pipeline_dag' AIRFLOW_CTX_TASK_ID='initialize_minio_connection' AIRFLOW_CTX_EXECUTION_DATE='2025-04-09T00:00:00+00:00' AIRFLOW_CTX_TRY_NUMBER='1' AIRFLOW_CTX_DAG_RUN_ID='scheduled__2025-04-09T00:00:00+00:00'
[2025-04-10T15:43:42.891+0000] {crypto.py:82} WARNING - empty cryptography key - values will not be stored encrypted.
[2025-04-10T15:43:42.949+0000] {logging_mixin.py:151} INFO - Bucket 'data-pipeline' created successfully
[2025-04-10T15:43:42.956+0000] {python.py:194} INFO - Done. Returned value was: MinIO connection initialized
[2025-04-10T15:43:42.983+0000] {taskinstance.py:1398} INFO - Marking task as SUCCESS. dag_id=minio_pipeline_dag, task_id=initialize_minio_connection, execution_date=20250409T000000, start_date=20250410T154342, end_date=20250410T154342
[2025-04-10T15:43:43.014+0000] {local_task_job_runner.py:228} INFO - Task exited with return code 0
[2025-04-10T15:43:43.058+0000] {taskinstance.py:2776} INFO - 2 downstream tasks scheduled from follow-on schedule check
