[2025-04-10T15:24:55.526+0000] {taskinstance.py:1157} INFO - Dependencies all met for dep_context=non-requeueable deps ti=<TaskInstance: minio_pipeline_dag.generate_logs scheduled__2025-04-09T00:00:00+00:00 [queued]>
[2025-04-10T15:24:55.535+0000] {taskinstance.py:1157} INFO - Dependencies all met for dep_context=requeueable deps ti=<TaskInstance: minio_pipeline_dag.generate_logs scheduled__2025-04-09T00:00:00+00:00 [queued]>
[2025-04-10T15:24:55.535+0000] {taskinstance.py:1359} INFO - Starting attempt 1 of 2
[2025-04-10T15:24:55.546+0000] {taskinstance.py:1380} INFO - Executing <Task(_PythonDecoratedOperator): generate_logs> on 2025-04-09 00:00:00+00:00
[2025-04-10T15:24:55.554+0000] {standard_task_runner.py:57} INFO - Started process 92 to run task
[2025-04-10T15:24:55.557+0000] {standard_task_runner.py:84} INFO - Running: ['***', 'tasks', 'run', 'minio_pipeline_dag', 'generate_logs', 'scheduled__2025-04-09T00:00:00+00:00', '--job-id', '50', '--raw', '--subdir', 'DAGS_FOLDER/app.py', '--cfg-path', '/tmp/tmpu5fhx92u']
[2025-04-10T15:24:55.559+0000] {standard_task_runner.py:85} INFO - Job 50: Subtask generate_logs
[2025-04-10T15:24:55.600+0000] {task_command.py:415} INFO - Running <TaskInstance: minio_pipeline_dag.generate_logs scheduled__2025-04-09T00:00:00+00:00 [running]> on host bd293ddc73e1
[2025-04-10T15:24:55.692+0000] {taskinstance.py:1660} INFO - Exporting env vars: AIRFLOW_CTX_DAG_OWNER='data_team' AIRFLOW_CTX_DAG_ID='minio_pipeline_dag' AIRFLOW_CTX_TASK_ID='generate_logs' AIRFLOW_CTX_EXECUTION_DATE='2025-04-09T00:00:00+00:00' AIRFLOW_CTX_TRY_NUMBER='1' AIRFLOW_CTX_DAG_RUN_ID='scheduled__2025-04-09T00:00:00+00:00'
[2025-04-10T15:24:55.807+0000] {logging_mixin.py:151} INFO - Successfully uploaded logs_20250410152455.json to MinIO bucket data-pipeline
[2025-04-10T15:24:55.808+0000] {python.py:194} INFO - Done. Returned value was: {'local_path': './data/staging/logs_20250410152455.json', 'minio_path': 'data-pipeline/logs/logs_20250410152455.json'}
[2025-04-10T15:24:55.846+0000] {taskinstance.py:1398} INFO - Marking task as SUCCESS. dag_id=minio_pipeline_dag, task_id=generate_logs, execution_date=20250409T000000, start_date=20250410T152455, end_date=20250410T152455
[2025-04-10T15:24:55.889+0000] {local_task_job_runner.py:228} INFO - Task exited with return code 0
[2025-04-10T15:24:55.914+0000] {taskinstance.py:2776} INFO - 0 downstream tasks scheduled from follow-on schedule check
[2025-04-10T15:43:44.424+0000] {taskinstance.py:1157} INFO - Dependencies all met for dep_context=non-requeueable deps ti=<TaskInstance: minio_pipeline_dag.generate_logs scheduled__2025-04-09T00:00:00+00:00 [queued]>
[2025-04-10T15:43:44.436+0000] {taskinstance.py:1157} INFO - Dependencies all met for dep_context=requeueable deps ti=<TaskInstance: minio_pipeline_dag.generate_logs scheduled__2025-04-09T00:00:00+00:00 [queued]>
[2025-04-10T15:43:44.436+0000] {taskinstance.py:1359} INFO - Starting attempt 1 of 2
[2025-04-10T15:43:44.448+0000] {taskinstance.py:1380} INFO - Executing <Task(_PythonDecoratedOperator): generate_logs> on 2025-04-09 00:00:00+00:00
[2025-04-10T15:43:44.460+0000] {standard_task_runner.py:57} INFO - Started process 178 to run task
[2025-04-10T15:43:44.466+0000] {standard_task_runner.py:84} INFO - Running: ['***', 'tasks', 'run', 'minio_pipeline_dag', 'generate_logs', 'scheduled__2025-04-09T00:00:00+00:00', '--job-id', '4', '--raw', '--subdir', 'DAGS_FOLDER/app.py', '--cfg-path', '/tmp/tmpsoiz91ng']
[2025-04-10T15:43:44.473+0000] {standard_task_runner.py:85} INFO - Job 4: Subtask generate_logs
[2025-04-10T15:43:44.556+0000] {task_command.py:415} INFO - Running <TaskInstance: minio_pipeline_dag.generate_logs scheduled__2025-04-09T00:00:00+00:00 [running]> on host 8fadf2d6906b
[2025-04-10T15:43:44.712+0000] {taskinstance.py:1660} INFO - Exporting env vars: AIRFLOW_CTX_DAG_OWNER='data_team' AIRFLOW_CTX_DAG_ID='minio_pipeline_dag' AIRFLOW_CTX_TASK_ID='generate_logs' AIRFLOW_CTX_EXECUTION_DATE='2025-04-09T00:00:00+00:00' AIRFLOW_CTX_TRY_NUMBER='1' AIRFLOW_CTX_DAG_RUN_ID='scheduled__2025-04-09T00:00:00+00:00'
[2025-04-10T15:43:44.857+0000] {logging_mixin.py:151} INFO - Successfully uploaded logs_20250410154344.json to MinIO bucket data-pipeline
[2025-04-10T15:43:44.858+0000] {python.py:194} INFO - Done. Returned value was: {'local_path': './data/staging/logs_20250410154344.json', 'minio_path': 'data-pipeline/logs/logs_20250410154344.json'}
[2025-04-10T15:43:44.913+0000] {taskinstance.py:1398} INFO - Marking task as SUCCESS. dag_id=minio_pipeline_dag, task_id=generate_logs, execution_date=20250409T000000, start_date=20250410T154344, end_date=20250410T154344
[2025-04-10T15:43:44.961+0000] {local_task_job_runner.py:228} INFO - Task exited with return code 0
[2025-04-10T15:43:44.998+0000] {taskinstance.py:2776} INFO - 1 downstream tasks scheduled from follow-on schedule check
