[2025-04-08T14:37:42.916+0000] {taskinstance.py:1157} INFO - Dependencies all met for dep_context=non-requeueable deps ti=<TaskInstance: minio_pipeline_dag.create_dir scheduled__2025-04-07T00:00:00+00:00 [queued]>
[2025-04-08T14:37:42.923+0000] {taskinstance.py:1157} INFO - Dependencies all met for dep_context=requeueable deps ti=<TaskInstance: minio_pipeline_dag.create_dir scheduled__2025-04-07T00:00:00+00:00 [queued]>
[2025-04-08T14:37:42.923+0000] {taskinstance.py:1359} INFO - Starting attempt 1 of 2
[2025-04-08T14:37:42.934+0000] {taskinstance.py:1380} INFO - Executing <Task(_PythonDecoratedOperator): create_dir> on 2025-04-07 00:00:00+00:00
[2025-04-08T14:37:42.943+0000] {standard_task_runner.py:57} INFO - Started process 64 to run task
[2025-04-08T14:37:42.945+0000] {standard_task_runner.py:84} INFO - Running: ['***', 'tasks', 'run', 'minio_pipeline_dag', 'create_dir', 'scheduled__2025-04-07T00:00:00+00:00', '--job-id', '2', '--raw', '--subdir', 'DAGS_FOLDER/app.py', '--cfg-path', '/tmp/tmppzk0e88f']
[2025-04-08T14:37:42.948+0000] {standard_task_runner.py:85} INFO - Job 2: Subtask create_dir
[2025-04-08T14:37:42.984+0000] {task_command.py:415} INFO - Running <TaskInstance: minio_pipeline_dag.create_dir scheduled__2025-04-07T00:00:00+00:00 [running]> on host 85ecd688f2e4
[2025-04-08T14:37:43.043+0000] {taskinstance.py:1660} INFO - Exporting env vars: AIRFLOW_CTX_DAG_OWNER='data_team' AIRFLOW_CTX_DAG_ID='minio_pipeline_dag' AIRFLOW_CTX_TASK_ID='create_dir' AIRFLOW_CTX_EXECUTION_DATE='2025-04-07T00:00:00+00:00' AIRFLOW_CTX_TRY_NUMBER='1' AIRFLOW_CTX_DAG_RUN_ID='scheduled__2025-04-07T00:00:00+00:00'
[2025-04-08T14:37:43.044+0000] {app.py:39} INFO - Pipeline DAG started
[2025-04-08T14:37:43.050+0000] {crypto.py:82} WARNING - empty cryptography key - values will not be stored encrypted.
[2025-04-08T14:37:43.053+0000] {logging_mixin.py:151} INFO - Working Directory: /opt/***
[2025-04-08T14:37:43.053+0000] {python.py:194} INFO - Done. Returned value was: ./data/staging
[2025-04-08T14:37:43.072+0000] {taskinstance.py:1398} INFO - Marking task as SUCCESS. dag_id=minio_pipeline_dag, task_id=create_dir, execution_date=20250407T000000, start_date=20250408T143742, end_date=20250408T143743
[2025-04-08T14:37:43.117+0000] {local_task_job_runner.py:228} INFO - Task exited with return code 0
[2025-04-08T14:37:43.137+0000] {taskinstance.py:2776} INFO - 1 downstream tasks scheduled from follow-on schedule check
[2025-04-08T15:06:19.902+0000] {taskinstance.py:1157} INFO - Dependencies all met for dep_context=non-requeueable deps ti=<TaskInstance: minio_pipeline_dag.create_dir scheduled__2025-04-07T00:00:00+00:00 [queued]>
[2025-04-08T15:06:19.908+0000] {taskinstance.py:1157} INFO - Dependencies all met for dep_context=requeueable deps ti=<TaskInstance: minio_pipeline_dag.create_dir scheduled__2025-04-07T00:00:00+00:00 [queued]>
[2025-04-08T15:06:19.909+0000] {taskinstance.py:1359} INFO - Starting attempt 1 of 2
[2025-04-08T15:06:19.920+0000] {taskinstance.py:1380} INFO - Executing <Task(_PythonDecoratedOperator): create_dir> on 2025-04-07 00:00:00+00:00
[2025-04-08T15:06:19.926+0000] {standard_task_runner.py:57} INFO - Started process 63 to run task
[2025-04-08T15:06:19.929+0000] {standard_task_runner.py:84} INFO - Running: ['***', 'tasks', 'run', 'minio_pipeline_dag', 'create_dir', 'scheduled__2025-04-07T00:00:00+00:00', '--job-id', '2', '--raw', '--subdir', 'DAGS_FOLDER/app.py', '--cfg-path', '/tmp/tmphpf2ahpb']
[2025-04-08T15:06:19.931+0000] {standard_task_runner.py:85} INFO - Job 2: Subtask create_dir
[2025-04-08T15:06:19.968+0000] {task_command.py:415} INFO - Running <TaskInstance: minio_pipeline_dag.create_dir scheduled__2025-04-07T00:00:00+00:00 [running]> on host 43ad367d26c6
[2025-04-08T15:06:20.023+0000] {taskinstance.py:1660} INFO - Exporting env vars: AIRFLOW_CTX_DAG_OWNER='data_team' AIRFLOW_CTX_DAG_ID='minio_pipeline_dag' AIRFLOW_CTX_TASK_ID='create_dir' AIRFLOW_CTX_EXECUTION_DATE='2025-04-07T00:00:00+00:00' AIRFLOW_CTX_TRY_NUMBER='1' AIRFLOW_CTX_DAG_RUN_ID='scheduled__2025-04-07T00:00:00+00:00'
[2025-04-08T15:06:20.024+0000] {app.py:39} INFO - Pipeline DAG started
[2025-04-08T15:06:20.030+0000] {crypto.py:82} WARNING - empty cryptography key - values will not be stored encrypted.
[2025-04-08T15:06:20.035+0000] {logging_mixin.py:151} INFO - Working Directory: /opt/***
[2025-04-08T15:06:20.035+0000] {python.py:194} INFO - Done. Returned value was: ./data/staging
[2025-04-08T15:06:20.053+0000] {taskinstance.py:1398} INFO - Marking task as SUCCESS. dag_id=minio_pipeline_dag, task_id=create_dir, execution_date=20250407T000000, start_date=20250408T150619, end_date=20250408T150620
[2025-04-08T15:06:20.101+0000] {local_task_job_runner.py:228} INFO - Task exited with return code 0
[2025-04-08T15:06:20.121+0000] {taskinstance.py:2776} INFO - 1 downstream tasks scheduled from follow-on schedule check
