[2025-04-10T15:24:55.600+0000] {taskinstance.py:1157} INFO - Dependencies all met for dep_context=non-requeueable deps ti=<TaskInstance: minio_pipeline_dag.generate_orders scheduled__2025-04-09T00:00:00+00:00 [queued]>
[2025-04-10T15:24:55.614+0000] {taskinstance.py:1157} INFO - Dependencies all met for dep_context=requeueable deps ti=<TaskInstance: minio_pipeline_dag.generate_orders scheduled__2025-04-09T00:00:00+00:00 [queued]>
[2025-04-10T15:24:55.615+0000] {taskinstance.py:1359} INFO - Starting attempt 1 of 2
[2025-04-10T15:24:55.627+0000] {taskinstance.py:1380} INFO - Executing <Task(_PythonDecoratedOperator): generate_orders> on 2025-04-09 00:00:00+00:00
[2025-04-10T15:24:55.634+0000] {standard_task_runner.py:57} INFO - Started process 93 to run task
[2025-04-10T15:24:55.637+0000] {standard_task_runner.py:84} INFO - Running: ['***', 'tasks', 'run', 'minio_pipeline_dag', 'generate_orders', 'scheduled__2025-04-09T00:00:00+00:00', '--job-id', '51', '--raw', '--subdir', 'DAGS_FOLDER/app.py', '--cfg-path', '/tmp/tmpy8i8dw2g']
[2025-04-10T15:24:55.640+0000] {standard_task_runner.py:85} INFO - Job 51: Subtask generate_orders
[2025-04-10T15:24:55.685+0000] {task_command.py:415} INFO - Running <TaskInstance: minio_pipeline_dag.generate_orders scheduled__2025-04-09T00:00:00+00:00 [running]> on host bd293ddc73e1
[2025-04-10T15:24:55.792+0000] {taskinstance.py:1660} INFO - Exporting env vars: AIRFLOW_CTX_DAG_OWNER='data_team' AIRFLOW_CTX_DAG_ID='minio_pipeline_dag' AIRFLOW_CTX_TASK_ID='generate_orders' AIRFLOW_CTX_EXECUTION_DATE='2025-04-09T00:00:00+00:00' AIRFLOW_CTX_TRY_NUMBER='1' AIRFLOW_CTX_DAG_RUN_ID='scheduled__2025-04-09T00:00:00+00:00'
[2025-04-10T15:24:55.887+0000] {logging_mixin.py:151} INFO - Successfully uploaded orders_20250410152455.csv to MinIO bucket data-pipeline
[2025-04-10T15:24:55.887+0000] {python.py:194} INFO - Done. Returned value was: {'local_path': './data/staging/orders_20250410152455.csv', 'minio_path': 'data-pipeline/orders/orders_20250410152455.csv'}
[2025-04-10T15:24:55.923+0000] {taskinstance.py:1398} INFO - Marking task as SUCCESS. dag_id=minio_pipeline_dag, task_id=generate_orders, execution_date=20250409T000000, start_date=20250410T152455, end_date=20250410T152455
[2025-04-10T15:24:55.969+0000] {local_task_job_runner.py:228} INFO - Task exited with return code 0
[2025-04-10T15:24:55.992+0000] {taskinstance.py:2776} INFO - 1 downstream tasks scheduled from follow-on schedule check
[2025-04-10T15:43:44.424+0000] {taskinstance.py:1157} INFO - Dependencies all met for dep_context=non-requeueable deps ti=<TaskInstance: minio_pipeline_dag.generate_orders scheduled__2025-04-09T00:00:00+00:00 [queued]>
[2025-04-10T15:43:44.435+0000] {taskinstance.py:1157} INFO - Dependencies all met for dep_context=requeueable deps ti=<TaskInstance: minio_pipeline_dag.generate_orders scheduled__2025-04-09T00:00:00+00:00 [queued]>
[2025-04-10T15:43:44.436+0000] {taskinstance.py:1359} INFO - Starting attempt 1 of 2
[2025-04-10T15:43:44.447+0000] {taskinstance.py:1380} INFO - Executing <Task(_PythonDecoratedOperator): generate_orders> on 2025-04-09 00:00:00+00:00
[2025-04-10T15:43:44.459+0000] {standard_task_runner.py:57} INFO - Started process 178 to run task
[2025-04-10T15:43:44.464+0000] {standard_task_runner.py:84} INFO - Running: ['***', 'tasks', 'run', 'minio_pipeline_dag', 'generate_orders', 'scheduled__2025-04-09T00:00:00+00:00', '--job-id', '5', '--raw', '--subdir', 'DAGS_FOLDER/app.py', '--cfg-path', '/tmp/tmpqqdrbxyo']
[2025-04-10T15:43:44.472+0000] {standard_task_runner.py:85} INFO - Job 5: Subtask generate_orders
[2025-04-10T15:43:44.555+0000] {task_command.py:415} INFO - Running <TaskInstance: minio_pipeline_dag.generate_orders scheduled__2025-04-09T00:00:00+00:00 [running]> on host 6181896f0aec
[2025-04-10T15:43:44.711+0000] {taskinstance.py:1660} INFO - Exporting env vars: AIRFLOW_CTX_DAG_OWNER='data_team' AIRFLOW_CTX_DAG_ID='minio_pipeline_dag' AIRFLOW_CTX_TASK_ID='generate_orders' AIRFLOW_CTX_EXECUTION_DATE='2025-04-09T00:00:00+00:00' AIRFLOW_CTX_TRY_NUMBER='1' AIRFLOW_CTX_DAG_RUN_ID='scheduled__2025-04-09T00:00:00+00:00'
[2025-04-10T15:43:44.886+0000] {logging_mixin.py:151} INFO - Successfully uploaded orders_20250410154344.csv to MinIO bucket data-pipeline
[2025-04-10T15:43:44.887+0000] {python.py:194} INFO - Done. Returned value was: {'local_path': './data/staging/orders_20250410154344.csv', 'minio_path': 'data-pipeline/orders/orders_20250410154344.csv'}
[2025-04-10T15:43:44.940+0000] {taskinstance.py:1398} INFO - Marking task as SUCCESS. dag_id=minio_pipeline_dag, task_id=generate_orders, execution_date=20250409T000000, start_date=20250410T154344, end_date=20250410T154344
[2025-04-10T15:43:44.997+0000] {local_task_job_runner.py:228} INFO - Task exited with return code 0
[2025-04-10T15:43:45.019+0000] {taskinstance.py:2776} INFO - 0 downstream tasks scheduled from follow-on schedule check
